<?xml version="1.0" encoding="UTF-8"?>
<!-- Generated by org.testng.reporters.JUnitReportReporter -->
<testsuite hostname="DESKTOP-T1JVNTF" failures="0" tests="2" name="testcases.LoginPage_Test" time="28.710" errors="0" timestamp="2023-12-15T23:53:26 IST" skipped="0">
  <testcase classname="testcases.LoginPage_Test" name="VerifyTitleOfApplication" time="16.492"/>
  <system-out>
    <![CDATA[Title of application = Swag Labs]]>
  </system-out>
  <testcase classname="testcases.LoginPage_Test" name="VerifyURLofApplication" time="12.218"/>
  <system-out>
    <![CDATA[The URL of application =https://www.saucedemo.com/]]>
  </system-out>
</testsuite> <!-- testcases.LoginPage_Test -->
