<?xml version="1.0" encoding="UTF-8"?>
<!-- Generated by org.testng.reporters.JUnitReportReporter -->
<testsuite hostname="DESKTOP-T1JVNTF" failures="0" tests="3" name="testcases.Complete_Checkout_test" time="39.036" errors="0" timestamp="2023-12-15T01:17:17 IST" skipped="0">
  <testcase classname="testcases.Complete_Checkout_test" name="VerifyImagetick" time="11.796"/>
  <system-out>
    <![CDATA[The tick image is displayed =true]]>
  </system-out>
  <testcase classname="testcases.Complete_Checkout_test" name="VerifyCompletecheckoutlabel" time="11.808"/>
  <system-out>
    <![CDATA[The label of chekout page =Checkout: Complete!]]>
  </system-out>
  <testcase classname="testcases.Complete_Checkout_test" name="Verifybackhomebutton" time="15.432"/>
  <system-out>
    <![CDATA[The back home page url =https://www.saucedemo.com/inventory.html]]>
  </system-out>
</testsuite> <!-- testcases.Complete_Checkout_test -->
