<?xml version="1.0" encoding="UTF-8"?>
<!-- Generated by org.testng.reporters.JUnitReportReporter -->
<testsuite hostname="DESKTOP-T1JVNTF" failures="0" tests="3" name="testcases.Checkout_Page2_test" time="39.123" errors="0" timestamp="2023-12-15T00:37:45 IST" skipped="0">
  <testcase classname="testcases.Checkout_Page2_test" name="VerifyCheckoutpage2label" time="12.460"/>
  <system-out>
    <![CDATA[The label of checkoutpage 2Checkout: Overview]]>
  </system-out>
  <testcase classname="testcases.Checkout_Page2_test" name="Verifybuttons" time="14.120"/>
  <system-out>
    <![CDATA[The url of complete checkout pagehttps://www.saucedemo.com/checkout-complete.html]]>
  </system-out>
  <testcase classname="testcases.Checkout_Page2_test" name="VerifyUrlofCheckoutpage2" time="12.543"/>
  <system-out>
    <![CDATA[The Url of Checkout page2=https://www.saucedemo.com/checkout-step-two.html]]>
  </system-out>
</testsuite> <!-- testcases.Checkout_Page2_test -->
