<?xml version="1.0" encoding="UTF-8"?>
<!-- Generated by org.testng.reporters.JUnitReportReporter -->
<testsuite hostname="DESKTOP-T1JVNTF" failures="0" tests="3" name="testcases.Checkout_Page_Test" time="37.645" errors="0" timestamp="2023-12-14T20:48:34 IST" skipped="0">
  <testcase classname="testcases.Checkout_Page_Test" name="verifyUrlOfofcheckoutpage" time="10.447"/>
  <system-out>
    <![CDATA[The current Url =https://www.saucedemo.com/checkout-step-one.html]]>
  </system-out>
  <testcase classname="testcases.Checkout_Page_Test" name="Inputinformation" time="16.439"/>
  <system-out>
    <![CDATA[The url of next checkout page =https://www.saucedemo.com/checkout-step-two.html]]>
  </system-out>
  <testcase classname="testcases.Checkout_Page_Test" name="verifyTitleofcheckoutpage" time="10.759"/>
  <system-out>
    <![CDATA[The title of checkout page=Checkout: Your Information]]>
  </system-out>
</testsuite> <!-- testcases.Checkout_Page_Test -->
