<?xml version="1.0" encoding="UTF-8"?>
<!-- Generated by org.testng.reporters.JUnitReportReporter -->
<testsuite hostname="DESKTOP-T1JVNTF" failures="0" tests="4" name="testcases.Inventory_Page_Test" time="97.713" errors="0" timestamp="2023-12-30T14:59:20 IST" skipped="0">
  <testcase classname="testcases.Inventory_Page_Test" name="Remove2products" time="10.846"/>
  <system-out>
    <![CDATA[Products removed from count=4]]>
  </system-out>
  <testcase classname="testcases.Inventory_Page_Test" name="VerifytwitterlogoTest" time="61.509"/>
  <system-out>
    <![CDATA[Visibility of twitter logo=true
Visibility of facebook logo=true
Visibility of LinkedInlogologo=true]]>
  </system-out>
  <testcase classname="testcases.Inventory_Page_Test" name="VerifyproductslabelTest" time="9.858"/>
  <system-out>
    <![CDATA[Label of Inventory page =Products]]>
  </system-out>
  <testcase classname="testcases.Inventory_Page_Test" name="Add6products" time="15.500"/>
  <system-out>
    <![CDATA[Total products added to cart=6]]>
  </system-out>
</testsuite> <!-- testcases.Inventory_Page_Test -->
