<?xml version="1.0" encoding="UTF-8"?>
<!-- Generated by org.testng.reporters.JUnitReportReporter -->
<testsuite hostname="DESKTOP-T1JVNTF" failures="0" tests="2" name="testcases.Cart_Page_Test" time="42.222" errors="0" timestamp="2023-12-14T19:43:30 IST" skipped="0">
  <testcase classname="testcases.Cart_Page_Test" name="VerifyYourcarttext" time="21.610"/>
  <system-out>
    <![CDATA[Title of cart page =Your Cart]]>
  </system-out>
  <testcase classname="testcases.Cart_Page_Test" name="VerifygetcartpageUrl" time="20.612"/>
  <system-out>
    <![CDATA[The Url of cart page=https://www.saucedemo.com/cart.html]]>
  </system-out>
</testsuite> <!-- testcases.Cart_Page_Test -->
